<?xml version="1.0" encoding="UTF-8"?>
<!-- Generated by org.testng.reporters.JUnitXMLReporter -->
<testsuite hostname="YANGXING7-N2GP4" ignored="0" name="Default test" tests="4" failures="0" timestamp="24 六月 2019 06:26:21 GMT" time="93.897" errors="0">
  <testcase name="login" time="0.057" classname="com.first.TestCase05_orderModule"/>
  <testcase name="enterOrder" time="45.282" classname="com.first.TestCase05_orderModule"/>
  <testcase name="enterAddOrder" time="15.802" classname="com.first.TestCase05_orderModule"/>
  <testcase name="chooseOneModule" time="2.006" classname="com.first.TestCase05_orderModule"/>
</testsuite> <!-- Default test -->
