<?xml version="1.0" encoding="UTF-8"?>
<!-- Generated by org.testng.reporters.JUnitXMLReporter -->
<testsuite hostname="YANGXING7-N2GP4" ignored="0" name="TestCase05" tests="4" failures="0" timestamp="03 七月 2019 08:24:30 GMT" time="70.557" errors="0">
  <testcase name="login" time="5.076" classname="com.first.TestCase05_orderModule"/>
  <testcase name="enterOrder" time="40.317" classname="com.first.TestCase05_orderModule"/>
  <testcase name="enterAddOrder" time="0.628" classname="com.first.TestCase05_orderModule"/>
  <testcase name="chooseOneModule" time="12.931" classname="com.first.TestCase05_orderModule"/>
</testsuite> <!-- TestCase05 -->
