<?xml version="1.0" encoding="UTF-8"?>
<!-- Generated by org.testng.reporters.JUnitXMLReporter -->
<testsuite hostname="LuckydeMacBook-Pro.local" ignored="0" name="TestCase11" tests="3" failures="0" timestamp="29 十月 2020 13:08:37 GMT" time="0.001" errors="0">
  <testcase name="@BeforeSuite SetUp" time="0.021" classname="first.Basic">
    <failure type="io.appium.java_client.service.local.InvalidServerInstanceException" message="Invalid server instance exception has occured: The invalid appium node /Applications/Appium.app/Contents/Resources/app/node_modules/appium/build/lib/main.js has been defined">
      <![CDATA[io.appium.java_client.service.local.InvalidServerInstanceException: Invalid server instance exception has occured: The invalid appium node /Applications/Appium.app/Contents/Resources/app/node_modules/appium/build/lib/main.js has been definedat io.appium.java_client.service.local.AppiumServiceBuilder.validateNodeStructure(AppiumServiceBuilder.java:107)at io.appium.java_client.service.local.AppiumServiceBuilder.checkAppiumJS(AppiumServiceBuilder.java:290)at io.appium.java_client.service.local.AppiumServiceBuilder.createArgs(AppiumServiceBuilder.java:386)at org.openqa.selenium.remote.service.DriverService$Builder.build(DriverService.java:299)at io.appium.java_client.service.local.AppiumDriverLocalService.buildService(AppiumDriverLocalService.java:74)at first.Basic.SetUp(Basic.java:34)at first.Runtest.main(Runtest.java:16)Caused by: java.io.IOException: The node /Applications/Appium.app/Contents/Resources/app/node_modules/appium/build/lib/main.jsdoesn't existat io.appium.java_client.service.local.AppiumServiceBuilder.validateNodeStructure(AppiumServiceBuilder.java:109)... 23 more... Removed 17 stack frames]]>
    </failure>
  </testcase> <!-- @BeforeSuite SetUp -->
  <testcase name="login" time="0.0" classname="first.TestCase11_watchVideo">
    <skipped/>
  </testcase> <!-- login -->
  <testcase name="enterVideo" time="0.0" classname="first.TestCase11_watchVideo">
    <skipped/>
  </testcase> <!-- enterVideo -->
  <testcase name="enterTheSpecificVideo" time="0.0" classname="first.TestCase11_watchVideo">
    <skipped/>
  </testcase> <!-- enterTheSpecificVideo -->
</testsuite> <!-- TestCase11 -->
