<?xml version="1.0" encoding="UTF-8"?>
<!-- Generated by org.testng.reporters.JUnitXMLReporter -->
<testsuite hostname="YANGXING7-N2GP4" ignored="0" name="TestCase04" tests="4" failures="0" timestamp="24 六月 2019 02:39:28 GMT" time="139.682" errors="0">
  <testcase name="login" time="11.439" classname="com.first.TestCase04_getReadArticleScore"/>
  <testcase name="enterMy" time="7.248" classname="com.first.TestCase04_getReadArticleScore"/>
  <testcase name="enterStudyScore" time="12.639" classname="com.first.TestCase04_getReadArticleScore"/>
  <testcase name="getReadArticleScore" time="77.584" classname="com.first.TestCase04_getReadArticleScore"/>
</testsuite> <!-- TestCase04 -->
