<?xml version="1.0" encoding="UTF-8"?>
<!-- Generated by org.testng.reporters.JUnitXMLReporter -->
<testsuite hostname="LuckydeMacBook-Pro.local" ignored="0" name="TestCase09" tests="3" failures="0" timestamp="26 五月 2020 13:14:39 GMT" time="32.731" errors="0">
  <testcase name="login" time="5.114" classname="first.TestCase09_answerQuestionDaily"/>
  <testcase name="enterMyMessageOne" time="0.136" classname="first.TestCase09_answerQuestionDaily"/>
  <testcase name="enterDailyQuestion" time="27.478" classname="first.TestCase09_answerQuestionDaily"/>
</testsuite> <!-- TestCase09 -->
