<?xml version="1.0" encoding="UTF-8"?>
<!-- Generated by org.testng.reporters.JUnitXMLReporter -->
<testsuite hostname="LuckydeMacBook-Pro.local" ignored="0" name="TestCase10" tests="3" failures="0" timestamp="12 五月 2020 14:45:21 GMT" time="7.983" errors="0">
  <testcase name="login" time="5.563" classname="first.TestCase10_readArticle"/>
  <testcase name="enterMyScore" time="0.214" classname="first.TestCase10_readArticle"/>
  <testcase name="checkpoint_01_enterMyScore" time="2.194" classname="first.TestCase10_readArticle"/>
</testsuite> <!-- TestCase10 -->
