<?xml version="1.0" encoding="UTF-8"?>
<!-- Generated by org.testng.reporters.JUnitXMLReporter -->
<testsuite hostname="LuckydeMacBook-Pro.local" ignored="0" name="TestCase06" tests="7" failures="0" timestamp="25 五月 2020 14:17:40 GMT" time="9.972" errors="0">
  <testcase name="login" time="5.146" classname="first.TestCase06_myMassage"/>
  <testcase name="enterMyMessageOne" time="0.13" classname="first.TestCase06_myMassage"/>
  <testcase name="checkPoint_01_Username" time="2.035" classname="first.TestCase06_myMassage"/>
  <testcase name="enterMyDetailMessage" time="0.283" classname="first.TestCase06_myMassage"/>
  <testcase name="checkPoint_02_Username" time="1.805" classname="first.TestCase06_myMassage"/>
  <testcase name="checkPoint_03_UserStudyId" time="0.36" classname="first.TestCase06_myMassage"/>
  <testcase name="checkPoint_04_UserPhone" time="0.208" classname="first.TestCase06_myMassage"/>
</testsuite> <!-- TestCase06 -->
