<?xml version="1.0" encoding="UTF-8"?>
<!-- Generated by org.testng.reporters.JUnitXMLReporter -->
<testsuite hostname="YANGXING7-N2GP4" ignored="0" name="TestCase01" tests="1" failures="1" timestamp="20 六月 2019 02:49:02 GMT" time="55.113" errors="0">
  <testcase name="Step01_EnterModule" time="20.559" classname="com.first.TestCase01">
    <failure type="org.openqa.selenium.NoSuchElementException" message="An element could not be located on the page using the given search parameters. (WARNING: The server did not provide any stacktrace information)
Command duration or timeout: 245 milliseconds
For documentation on this error, please visit: http://seleniumhq.org/exceptions/no_such_element.html
Build info: version: &amp;apos;2.53.1&amp;apos;, revision: &amp;apos;a36b8b1cd5757287168e54b817830adce9b0158d&amp;apos;, time: &amp;apos;2016-06-30 19:26:09&amp;apos;
System info: host: &amp;apos;YANGXING7-N2GP4&amp;apos;, ip: &amp;apos;10.112.84.55&amp;apos;, os.name: &amp;apos;Windows 10&amp;apos;, os.arch: &amp;apos;amd64&amp;apos;, os.version: &amp;apos;10.0&amp;apos;, java.version: &amp;apos;1.8.0_191&amp;apos;
Driver info: io.appium.java_client.android.AndroidDriver
Capabilities [{app=D:/xxqg/xuexi.apk, appPackage=cn.xuexi.android, deviceScreenSize=1080x1920, networkConnectionEnabled=true, noReset=true, warnings={}, appWaitActivity=com.alibaba.android.rimet.biz.SplashActivity, databaseEnabled=false, deviceName=WTKDU16C12004013, platform=LINUX, deviceUDID=WTKDU16C12004013, appActivity=com.alibaba.android.rimet.biz.SplashActivity, desired={app=D:/xxqg/xuexi.apk, appPackage=cn.xuexi.android, appActivity=com.alibaba.android.rimet.biz.SplashActivity, noReset=true, platformVersion=8.0.0, appWaitActivity=com.alibaba.android.rimet.biz.SplashActivity, platformName=Android, deviceName=WTKDU16C12004013}, platformVersion=8.0.0, webStorageEnabled=false, locationContextEnabled=false, takesScreenshot=true, javascriptEnabled=true, deviceModel=FRD-AL00, platformName=Android, deviceManufacturer=HUAWEI}]
Session ID: de508191-853f-4703-bfba-e87634cdfa74
*** Element info: {Using=xpath, value=/hierarchy/android.widget.FrameLayout/android.widget.LinearLayout/android.widget.FrameLayout/android.widget.LinearLayout/android.widget.FrameLayout/android.widget.LinearLayout/android.widget.FrameLayout[2]/android.widget.RelativeLayout/android.widget.LinearLayout/android.widget.FrameLayout[2]/android.support.v4.view.ViewPager/android.widget.FrameLayout/android.widget.LinearLayout/android.widget.FrameLayout/android.view.ViewGroup/android.widget.FrameLayout/android.widget.FrameLayout[2]/android.widget.LinearLayout/android.widget.LinearLayout/android.widget.FrameLayout/android.widget.ListView/android.widget.FrameLayout[1]}">
      <![CDATA[org.openqa.selenium.NoSuchElementException: An element could not be located on the page using the given search parameters. (WARNING: The server did not provide any stacktrace information)
Command duration or timeout: 245 milliseconds
For documentation on this error, please visit: http://seleniumhq.org/exceptions/no_such_element.html
Build info: version: '2.53.1', revision: 'a36b8b1cd5757287168e54b817830adce9b0158d', time: '2016-06-30 19:26:09'
System info: host: 'YANGXING7-N2GP4', ip: '10.112.84.55', os.name: 'Windows 10', os.arch: 'amd64', os.version: '10.0', java.version: '1.8.0_191'
Driver info: io.appium.java_client.android.AndroidDriver
Capabilities [{app=D:/xxqg/xuexi.apk, appPackage=cn.xuexi.android, deviceScreenSize=1080x1920, networkConnectionEnabled=true, noReset=true, warnings={}, appWaitActivity=com.alibaba.android.rimet.biz.SplashActivity, databaseEnabled=false, deviceName=WTKDU16C12004013, platform=LINUX, deviceUDID=WTKDU16C12004013, appActivity=com.alibaba.android.rimet.biz.SplashActivity, desired={app=D:/xxqg/xuexi.apk, appPackage=cn.xuexi.android, appActivity=com.alibaba.android.rimet.biz.SplashActivity, noReset=true, platformVersion=8.0.0, appWaitActivity=com.alibaba.android.rimet.biz.SplashActivity, platformName=Android, deviceName=WTKDU16C12004013}, platformVersion=8.0.0, webStorageEnabled=false, locationContextEnabled=false, takesScreenshot=true, javascriptEnabled=true, deviceModel=FRD-AL00, platformName=Android, deviceManufacturer=HUAWEI}]
Session ID: de508191-853f-4703-bfba-e87634cdfa74
*** Element info: {Using=xpath, value=/hierarchy/android.widget.FrameLayout/android.widget.LinearLayout/android.widget.FrameLayout/android.widget.LinearLayout/android.widget.FrameLayout/android.widget.LinearLayout/android.widget.FrameLayout[2]/android.widget.RelativeLayout/android.widget.LinearLayout/android.widget.FrameLayout[2]/android.support.v4.view.ViewPager/android.widget.FrameLayout/android.widget.LinearLayout/android.widget.FrameLayout/android.view.ViewGroup/android.widget.FrameLayout/android.widget.FrameLayout[2]/android.widget.LinearLayout/android.widget.LinearLayout/android.widget.FrameLayout/android.widget.ListView/android.widget.FrameLayout[1]}
at org.openqa.selenium.remote.ErrorHandler.createThrowable(ErrorHandler.java:206)
at org.openqa.selenium.remote.ErrorHandler.throwIfResponseFailed(ErrorHandler.java:158)
at org.openqa.selenium.remote.RemoteWebDriver.execute(RemoteWebDriver.java:678)
at io.appium.java_client.DefaultGenericMobileDriver.execute(DefaultGenericMobileDriver.java:40)
at io.appium.java_client.AppiumDriver.execute(AppiumDriver.java:1)
at io.appium.java_client.android.AndroidDriver.execute(AndroidDriver.java:1)
at org.openqa.selenium.remote.RemoteWebDriver.findElement(RemoteWebDriver.java:363)
at io.appium.java_client.DefaultGenericMobileDriver.findElement(DefaultGenericMobileDriver.java:56)
at io.appium.java_client.AppiumDriver.findElement(AppiumDriver.java:1)
at io.appium.java_client.android.AndroidDriver.findElement(AndroidDriver.java:1)
at org.openqa.selenium.remote.RemoteWebDriver.findElementByXPath(RemoteWebDriver.java:500)
at io.appium.java_client.DefaultGenericMobileDriver.findElementByXPath(DefaultGenericMobileDriver.java:134)
at io.appium.java_client.AppiumDriver.findElementByXPath(AppiumDriver.java:1)
at io.appium.java_client.android.AndroidDriver.findElementByXPath(AndroidDriver.java:1)
at com.first.CommonUtils.clickElementByXpath(CommonUtils.java:31)
at com.first.CommonUtils.enterArticle(CommonUtils.java:90)
at com.first.TestCase01.Step01_EnterModule(TestCase01.java:14)
... Removed 29 stack frames]]>
    </failure>
  </testcase> <!-- Step01_EnterModule -->
</testsuite> <!-- TestCase01 -->
