<?xml version="1.0" encoding="UTF-8"?>
<testsuite name="TestCase06"
           tests="3"
           failures="0"
           errors="0"
           skipped="0"
           time="9.195">
  <properties />
  
  
            <testcase name="enterMyMessageOne" time="2.154" classname="com.first.TestCase06_myMassage" />
                <testcase name="login" time="5.191" classname="com.first.TestCase06_myMassage" />
                <testcase name="checkPoint_01_Username" time="1.850" classname="com.first.TestCase06_myMassage" />
      
</testsuite>
