<?xml version="1.0" encoding="UTF-8"?>
<testsuite name="TestCase01"
           tests="1"
           failures="1"
           errors="0"
           skipped="0"
           time="133.324">
  <properties />
            <testcase name="Step01_EnterModule" time="133.324" classname="com.first.TestCase01">
                <failure type="org.openqa.selenium.remote.SessionNotFoundException"
                  message="A session is either terminated or not started (WARNING: The server did not provide any stacktrace information)
Command duration or timeout: 12 milliseconds
Build info: version: &apos;2.53.1&apos;, revision: &apos;a36b8b1cd5757287168e54b817830adce9b0158d&apos;, time: &apos;2016-06-30 19:26:09&apos;
System info: host: &apos;YANGXING7-N2GP4&apos;, ip: &apos;10.112.84.55&apos;, os.name: &apos;Windows 10&apos;, os.arch: &apos;amd64&apos;, os.version: &apos;10.0&apos;, java.version: &apos;1.8.0_191&apos;
Driver info: io.appium.java_client.android.AndroidDriver
Capabilities [{app=D:/xxqg/xuexi.apk, appPackage=cn.xuexi.android, deviceScreenSize=1080x1920, networkConnectionEnabled=true, noReset=true, warnings={}, appWaitActivity=com.alibaba.android.rimet.biz.SplashActivity, databaseEnabled=false, deviceName=WTKDU16C12004013, platform=LINUX, deviceUDID=WTKDU16C12004013, appActivity=com.alibaba.android.rimet.biz.SplashActivity, desired={app=D:/xxqg/xuexi.apk, appPackage=cn.xuexi.android, appActivity=com.alibaba.android.rimet.biz.SplashActivity, noReset=true, platformVersion=8.0.0, appWaitActivity=com.alibaba.android.rimet.biz.SplashActivity, platformName=Android, deviceName=WTKDU16C12004013}, platformVersion=8.0.0, webStorageEnabled=false, locationContextEnabled=false, takesScreenshot=true, javascriptEnabled=true, deviceModel=FRD-AL00, platformName=Android, deviceManufacturer=HUAWEI}]
Session ID: 63227ef5-295e-401f-8faa-fef34c84215d"
              >
<![CDATA[org.openqa.selenium.remote.SessionNotFoundException: A session is either terminated or not started (WARNING: The server did not provide any stacktrace information)
Command duration or timeout: 12 milliseconds
Build info: version: '2.53.1', revision: 'a36b8b1cd5757287168e54b817830adce9b0158d', time: '2016-06-30 19:26:09'
System info: host: 'YANGXING7-N2GP4', ip: '10.112.84.55', os.name: 'Windows 10', os.arch: 'amd64', os.version: '10.0', java.version: '1.8.0_191'
Driver info: io.appium.java_client.android.AndroidDriver
Capabilities [{app=D:/xxqg/xuexi.apk, appPackage=cn.xuexi.android, deviceScreenSize=1080x1920, networkConnectionEnabled=true, noReset=true, warnings={}, appWaitActivity=com.alibaba.android.rimet.biz.SplashActivity, databaseEnabled=false, deviceName=WTKDU16C12004013, platform=LINUX, deviceUDID=WTKDU16C12004013, appActivity=com.alibaba.android.rimet.biz.SplashActivity, desired={app=D:/xxqg/xuexi.apk, appPackage=cn.xuexi.android, appActivity=com.alibaba.android.rimet.biz.SplashActivity, noReset=true, platformVersion=8.0.0, appWaitActivity=com.alibaba.android.rimet.biz.SplashActivity, platformName=Android, deviceName=WTKDU16C12004013}, platformVersion=8.0.0, webStorageEnabled=false, locationContextEnabled=false, takesScreenshot=true, javascriptEnabled=true, deviceModel=FRD-AL00, platformName=Android, deviceManufacturer=HUAWEI}]
Session ID: 63227ef5-295e-401f-8faa-fef34c84215d
  sun.reflect.NativeConstructorAccessorImpl.newInstance0(Native Method)
  sun.reflect.NativeConstructorAccessorImpl.newInstance(NativeConstructorAccessorImpl.java:62)
  sun.reflect.DelegatingConstructorAccessorImpl.newInstance(DelegatingConstructorAccessorImpl.java:45)
  java.lang.reflect.Constructor.newInstance(Constructor.java:423)
  org.openqa.selenium.remote.ErrorHandler.createThrowable(ErrorHandler.java:206)
  org.openqa.selenium.remote.ErrorHandler.throwIfResponseFailed(ErrorHandler.java:158)
  org.openqa.selenium.remote.RemoteWebDriver.execute(RemoteWebDriver.java:678)
  io.appium.java_client.DefaultGenericMobileDriver.execute(DefaultGenericMobileDriver.java:40)
  io.appium.java_client.AppiumDriver.execute(AppiumDriver.java:235)
  org.openqa.selenium.remote.RemoteWebDriver$RemoteNavigation.back(RemoteWebDriver.java:961)
  com.first.CommonUtils.enterArticle(CommonUtils.java:123)
  com.first.TestCase01.Step01_EnterModule(TestCase01.java:14)
  sun.reflect.NativeMethodAccessorImpl.invoke0(Native Method)
  sun.reflect.NativeMethodAccessorImpl.invoke(NativeMethodAccessorImpl.java:62)
  sun.reflect.DelegatingMethodAccessorImpl.invoke(DelegatingMethodAccessorImpl.java:43)
  java.lang.reflect.Method.invoke(Method.java:498)
  org.testng.internal.MethodInvocationHelper.invokeMethod(MethodInvocationHelper.java:124)
  org.testng.internal.Invoker.invokeMethod(Invoker.java:580)
  org.testng.internal.Invoker.invokeTestMethod(Invoker.java:716)
  org.testng.internal.Invoker.invokeTestMethods(Invoker.java:988)
  org.testng.internal.TestMethodWorker.invokeTestMethods(TestMethodWorker.java:125)
  org.testng.internal.TestMethodWorker.run(TestMethodWorker.java:109)
  org.testng.TestRunner.privateRun(TestRunner.java:648)
  org.testng.TestRunner.run(TestRunner.java:505)
  org.testng.SuiteRunner.runTest(SuiteRunner.java:455)
  org.testng.SuiteRunner.runSequentially(SuiteRunner.java:450)
  org.testng.SuiteRunner.privateRun(SuiteRunner.java:415)
  org.testng.SuiteRunner.run(SuiteRunner.java:364)
  org.testng.SuiteRunnerWorker.runSuite(SuiteRunnerWorker.java:52)
  org.testng.SuiteRunnerWorker.run(SuiteRunnerWorker.java:84)
  org.testng.TestNG.runSuitesSequentially(TestNG.java:1208)
  org.testng.TestNG.runSuitesLocally(TestNG.java:1137)
  org.testng.TestNG.runSuites(TestNG.java:1049)
  org.testng.TestNG.run(TestNG.java:1017)
  org.testng.remote.AbstractRemoteTestNG.run(AbstractRemoteTestNG.java:114)
  org.testng.remote.RemoteTestNG.initAndRun(RemoteTestNG.java:251)
  org.testng.remote.RemoteTestNG.main(RemoteTestNG.java:77)
]]>
      </failure>

          </testcase>
  
  
  
</testsuite>
