<?xml version="1.0" encoding="UTF-8"?>
<testsuite name="TestCase04"
           tests="3"
           failures="2"
           errors="0"
           skipped="0"
           time="29.448">
  <properties />
            <testcase name="readArticle" time="5.024" classname="first.TestCase04_getReadArticleScore">
                <failure type="org.openqa.selenium.WebDriverException"
                  message="An unknown server-side error occurred while processing the command. Original error: Could not proxy command to remote server. Original error: Error: socket hang up (WARNING: The server did not provide any stacktrace information)
Command duration or timeout: 5.02 seconds
Build info: version: &apos;2.53.1&apos;, revision: &apos;a36b8b1cd5757287168e54b817830adce9b0158d&apos;, time: &apos;2016-06-30 19:26:09&apos;
System info: host: &apos;LuckydeMacBook-Pro.local&apos;, ip: &apos;192.168.1.7&apos;, os.name: &apos;Mac OS X&apos;, os.arch: &apos;x86_64&apos;, os.version: &apos;10.15.4&apos;, java.version: &apos;1.8.0_131&apos;
Driver info: io.appium.java_client.android.AndroidDriver
Capabilities [{appPackage=cn.xuexi.android, statBarHeight=62, noReset=true, viewportRect={top=62, left=0, width=1170, height=1810}, deviceName=emulator-5554, platform=LINUX, deviceUDID=emulator-5554, desired={app=/Users/lucky/workspace/apk/xuexiqiangguo.apk, appPackage=cn.xuexi.android, appActivity=com.alibaba.android.rimet.biz.im.activities.AlbumPreviewActivity, noReset=true, platformVersion=6.0.1, platformName=Android, deviceName=emulator-5554}, platformVersion=6.0.1, webStorageEnabled=false, takesScreenshot=true, javascriptEnabled=true, platformName=Android, deviceApiLevel=23, deviceManufacturer=Netease, app=/Users/lucky/workspace/apk/xuexiqiangguo.apk, deviceScreenSize=1170x1872, networkConnectionEnabled=true, warnings={}, databaseEnabled=false, appActivity=com.alibaba.android.rimet.biz.im.activities.AlbumPreviewActivity, pixelRatio=2.6000001, locationContextEnabled=false, deviceScreenDensity=416, deviceModel=MuMu}]
Session ID: 1f545a36-7ee1-4823-8ceb-36237d7f1517
*** Element info: {Using=id, value=cn.xuexi.android:id/general_card_title_id}"
              >
<![CDATA[org.openqa.selenium.WebDriverException: An unknown server-side error occurred while processing the command. Original error: Could not proxy command to remote server. Original error: Error: socket hang up (WARNING: The server did not provide any stacktrace information)
Command duration or timeout: 5.02 seconds
Build info: version: '2.53.1', revision: 'a36b8b1cd5757287168e54b817830adce9b0158d', time: '2016-06-30 19:26:09'
System info: host: 'LuckydeMacBook-Pro.local', ip: '192.168.1.7', os.name: 'Mac OS X', os.arch: 'x86_64', os.version: '10.15.4', java.version: '1.8.0_131'
Driver info: io.appium.java_client.android.AndroidDriver
Capabilities [{appPackage=cn.xuexi.android, statBarHeight=62, noReset=true, viewportRect={top=62, left=0, width=1170, height=1810}, deviceName=emulator-5554, platform=LINUX, deviceUDID=emulator-5554, desired={app=/Users/lucky/workspace/apk/xuexiqiangguo.apk, appPackage=cn.xuexi.android, appActivity=com.alibaba.android.rimet.biz.im.activities.AlbumPreviewActivity, noReset=true, platformVersion=6.0.1, platformName=Android, deviceName=emulator-5554}, platformVersion=6.0.1, webStorageEnabled=false, takesScreenshot=true, javascriptEnabled=true, platformName=Android, deviceApiLevel=23, deviceManufacturer=Netease, app=/Users/lucky/workspace/apk/xuexiqiangguo.apk, deviceScreenSize=1170x1872, networkConnectionEnabled=true, warnings={}, databaseEnabled=false, appActivity=com.alibaba.android.rimet.biz.im.activities.AlbumPreviewActivity, pixelRatio=2.6000001, locationContextEnabled=false, deviceScreenDensity=416, deviceModel=MuMu}]
Session ID: 1f545a36-7ee1-4823-8ceb-36237d7f1517
*** Element info: {Using=id, value=cn.xuexi.android:id/general_card_title_id}
  sun.reflect.NativeConstructorAccessorImpl.newInstance0(Native Method)
  sun.reflect.NativeConstructorAccessorImpl.newInstance(NativeConstructorAccessorImpl.java:62)
  sun.reflect.DelegatingConstructorAccessorImpl.newInstance(DelegatingConstructorAccessorImpl.java:45)
  java.lang.reflect.Constructor.newInstance(Constructor.java:423)
  org.openqa.selenium.remote.ErrorHandler.createThrowable(ErrorHandler.java:206)
  org.openqa.selenium.remote.ErrorHandler.throwIfResponseFailed(ErrorHandler.java:158)
  org.openqa.selenium.remote.RemoteWebDriver.execute(RemoteWebDriver.java:678)
  io.appium.java_client.DefaultGenericMobileDriver.execute(DefaultGenericMobileDriver.java:40)
  io.appium.java_client.AppiumDriver.execute(AppiumDriver.java:1)
  io.appium.java_client.android.AndroidDriver.execute(AndroidDriver.java:1)
  org.openqa.selenium.remote.RemoteWebDriver.findElements(RemoteWebDriver.java:388)
  io.appium.java_client.DefaultGenericMobileDriver.findElements(DefaultGenericMobileDriver.java:48)
  io.appium.java_client.AppiumDriver.findElements(AppiumDriver.java:195)
  org.openqa.selenium.remote.RemoteWebDriver.findElementsById(RemoteWebDriver.java:421)
  io.appium.java_client.DefaultGenericMobileDriver.findElementsById(DefaultGenericMobileDriver.java:60)
  io.appium.java_client.AppiumDriver.findElementsById(AppiumDriver.java:199)
  first.CommonUtils.readArticle(CommonUtils.java:281)
  first.TestCase04_getReadArticleScore.readArticle(TestCase04_getReadArticleScore.java:18)
  sun.reflect.NativeMethodAccessorImpl.invoke0(Native Method)
  sun.reflect.NativeMethodAccessorImpl.invoke(NativeMethodAccessorImpl.java:62)
  sun.reflect.DelegatingMethodAccessorImpl.invoke(DelegatingMethodAccessorImpl.java:43)
  java.lang.reflect.Method.invoke(Method.java:498)
  org.testng.internal.MethodInvocationHelper.invokeMethod(MethodInvocationHelper.java:124)
  org.testng.internal.Invoker.invokeMethod(Invoker.java:571)
  org.testng.internal.Invoker.invokeTestMethod(Invoker.java:707)
  org.testng.internal.Invoker.invokeTestMethods(Invoker.java:979)
  org.testng.internal.TestMethodWorker.invokeTestMethods(TestMethodWorker.java:125)
  org.testng.internal.TestMethodWorker.run(TestMethodWorker.java:109)
  org.testng.TestRunner.privateRun(TestRunner.java:648)
  org.testng.TestRunner.run(TestRunner.java:505)
  org.testng.SuiteRunner.runTest(SuiteRunner.java:455)
  org.testng.SuiteRunner.runSequentially(SuiteRunner.java:450)
  org.testng.SuiteRunner.privateRun(SuiteRunner.java:415)
  org.testng.SuiteRunner.run(SuiteRunner.java:364)
  org.testng.SuiteRunnerWorker.runSuite(SuiteRunnerWorker.java:52)
  org.testng.SuiteRunnerWorker.run(SuiteRunnerWorker.java:84)
  org.testng.TestNG.runSuitesSequentially(TestNG.java:1187)
  org.testng.TestNG.runSuitesLocally(TestNG.java:1116)
  org.testng.TestNG.runSuites(TestNG.java:1028)
  org.testng.TestNG.run(TestNG.java:996)
  com.intellij.rt.testng.IDEARemoteTestNG.run(IDEARemoteTestNG.java:66)
  com.intellij.rt.testng.RemoteTestNGStarter.main(RemoteTestNGStarter.java:110)
]]>
      </failure>

          </testcase>
            <testcase name="enterMy" time="12.471" classname="first.TestCase04_getReadArticleScore">
                <failure type="org.openqa.selenium.NoSuchElementException"
                  message="An element could not be located on the page using the given search parameters. (WARNING: The server did not provide any stacktrace information)
Command duration or timeout: 10.47 seconds
For documentation on this error, please visit: http://seleniumhq.org/exceptions/no_such_element.html
Build info: version: &apos;2.53.1&apos;, revision: &apos;a36b8b1cd5757287168e54b817830adce9b0158d&apos;, time: &apos;2016-06-30 19:26:09&apos;
System info: host: &apos;LuckydeMacBook-Pro.local&apos;, ip: &apos;192.168.1.7&apos;, os.name: &apos;Mac OS X&apos;, os.arch: &apos;x86_64&apos;, os.version: &apos;10.15.4&apos;, java.version: &apos;1.8.0_131&apos;
Driver info: io.appium.java_client.android.AndroidDriver
Capabilities [{appPackage=cn.xuexi.android, statBarHeight=62, noReset=true, viewportRect={top=62, left=0, width=1170, height=1810}, deviceName=emulator-5554, platform=LINUX, deviceUDID=emulator-5554, desired={app=/Users/lucky/workspace/apk/xuexiqiangguo.apk, appPackage=cn.xuexi.android, appActivity=com.alibaba.android.rimet.biz.im.activities.AlbumPreviewActivity, noReset=true, platformVersion=6.0.1, platformName=Android, deviceName=emulator-5554}, platformVersion=6.0.1, webStorageEnabled=false, takesScreenshot=true, javascriptEnabled=true, platformName=Android, deviceApiLevel=23, deviceManufacturer=Netease, app=/Users/lucky/workspace/apk/xuexiqiangguo.apk, deviceScreenSize=1170x1872, networkConnectionEnabled=true, warnings={}, databaseEnabled=false, appActivity=com.alibaba.android.rimet.biz.im.activities.AlbumPreviewActivity, pixelRatio=2.6000001, locationContextEnabled=false, deviceScreenDensity=416, deviceModel=MuMu}]
Session ID: 1f545a36-7ee1-4823-8ceb-36237d7f1517
*** Element info: {Using=id, value=cn.xuexi.android:id/home_bottom_tab_button_mine}"
              >
<![CDATA[org.openqa.selenium.NoSuchElementException: An element could not be located on the page using the given search parameters. (WARNING: The server did not provide any stacktrace information)
Command duration or timeout: 10.47 seconds
For documentation on this error, please visit: http://seleniumhq.org/exceptions/no_such_element.html
Build info: version: '2.53.1', revision: 'a36b8b1cd5757287168e54b817830adce9b0158d', time: '2016-06-30 19:26:09'
System info: host: 'LuckydeMacBook-Pro.local', ip: '192.168.1.7', os.name: 'Mac OS X', os.arch: 'x86_64', os.version: '10.15.4', java.version: '1.8.0_131'
Driver info: io.appium.java_client.android.AndroidDriver
Capabilities [{appPackage=cn.xuexi.android, statBarHeight=62, noReset=true, viewportRect={top=62, left=0, width=1170, height=1810}, deviceName=emulator-5554, platform=LINUX, deviceUDID=emulator-5554, desired={app=/Users/lucky/workspace/apk/xuexiqiangguo.apk, appPackage=cn.xuexi.android, appActivity=com.alibaba.android.rimet.biz.im.activities.AlbumPreviewActivity, noReset=true, platformVersion=6.0.1, platformName=Android, deviceName=emulator-5554}, platformVersion=6.0.1, webStorageEnabled=false, takesScreenshot=true, javascriptEnabled=true, platformName=Android, deviceApiLevel=23, deviceManufacturer=Netease, app=/Users/lucky/workspace/apk/xuexiqiangguo.apk, deviceScreenSize=1170x1872, networkConnectionEnabled=true, warnings={}, databaseEnabled=false, appActivity=com.alibaba.android.rimet.biz.im.activities.AlbumPreviewActivity, pixelRatio=2.6000001, locationContextEnabled=false, deviceScreenDensity=416, deviceModel=MuMu}]
Session ID: 1f545a36-7ee1-4823-8ceb-36237d7f1517
*** Element info: {Using=id, value=cn.xuexi.android:id/home_bottom_tab_button_mine}
  sun.reflect.NativeConstructorAccessorImpl.newInstance0(Native Method)
  sun.reflect.NativeConstructorAccessorImpl.newInstance(NativeConstructorAccessorImpl.java:62)
  sun.reflect.DelegatingConstructorAccessorImpl.newInstance(DelegatingConstructorAccessorImpl.java:45)
  java.lang.reflect.Constructor.newInstance(Constructor.java:423)
  org.openqa.selenium.remote.ErrorHandler.createThrowable(ErrorHandler.java:206)
  org.openqa.selenium.remote.ErrorHandler.throwIfResponseFailed(ErrorHandler.java:158)
  org.openqa.selenium.remote.RemoteWebDriver.execute(RemoteWebDriver.java:678)
  io.appium.java_client.DefaultGenericMobileDriver.execute(DefaultGenericMobileDriver.java:40)
  io.appium.java_client.AppiumDriver.execute(AppiumDriver.java:1)
  io.appium.java_client.android.AndroidDriver.execute(AndroidDriver.java:1)
  org.openqa.selenium.remote.RemoteWebDriver.findElement(RemoteWebDriver.java:363)
  io.appium.java_client.DefaultGenericMobileDriver.findElement(DefaultGenericMobileDriver.java:56)
  io.appium.java_client.AppiumDriver.findElement(AppiumDriver.java:1)
  io.appium.java_client.android.AndroidDriver.findElement(AndroidDriver.java:1)
  org.openqa.selenium.remote.RemoteWebDriver.findElementById(RemoteWebDriver.java:413)
  io.appium.java_client.DefaultGenericMobileDriver.findElementById(DefaultGenericMobileDriver.java:64)
  io.appium.java_client.AppiumDriver.findElementById(AppiumDriver.java:1)
  io.appium.java_client.android.AndroidDriver.findElementById(AndroidDriver.java:1)
  first.CommonUtils.clickElementById(CommonUtils.java:23)
  first.CommonUtils.enterMy(CommonUtils.java:97)
  first.TestCase04_getReadArticleScore.enterMy(TestCase04_getReadArticleScore.java:13)
  sun.reflect.NativeMethodAccessorImpl.invoke0(Native Method)
  sun.reflect.NativeMethodAccessorImpl.invoke(NativeMethodAccessorImpl.java:62)
  sun.reflect.DelegatingMethodAccessorImpl.invoke(DelegatingMethodAccessorImpl.java:43)
  java.lang.reflect.Method.invoke(Method.java:498)
  org.testng.internal.MethodInvocationHelper.invokeMethod(MethodInvocationHelper.java:124)
  org.testng.internal.Invoker.invokeMethod(Invoker.java:571)
  org.testng.internal.Invoker.invokeTestMethod(Invoker.java:707)
  org.testng.internal.Invoker.invokeTestMethods(Invoker.java:979)
  org.testng.internal.TestMethodWorker.invokeTestMethods(TestMethodWorker.java:125)
  org.testng.internal.TestMethodWorker.run(TestMethodWorker.java:109)
  org.testng.TestRunner.privateRun(TestRunner.java:648)
  org.testng.TestRunner.run(TestRunner.java:505)
  org.testng.SuiteRunner.runTest(SuiteRunner.java:455)
  org.testng.SuiteRunner.runSequentially(SuiteRunner.java:450)
  org.testng.SuiteRunner.privateRun(SuiteRunner.java:415)
  org.testng.SuiteRunner.run(SuiteRunner.java:364)
  org.testng.SuiteRunnerWorker.runSuite(SuiteRunnerWorker.java:52)
  org.testng.SuiteRunnerWorker.run(SuiteRunnerWorker.java:84)
  org.testng.TestNG.runSuitesSequentially(TestNG.java:1187)
  org.testng.TestNG.runSuitesLocally(TestNG.java:1116)
  org.testng.TestNG.runSuites(TestNG.java:1028)
  org.testng.TestNG.run(TestNG.java:996)
  com.intellij.rt.testng.IDEARemoteTestNG.run(IDEARemoteTestNG.java:66)
  com.intellij.rt.testng.RemoteTestNGStarter.main(RemoteTestNGStarter.java:110)
]]>
      </failure>

          </testcase>
  
  
            <testcase name="login" time="11.953" classname="first.TestCase04_getReadArticleScore" />
      
</testsuite>
