<?xml version="1.0" encoding="UTF-8"?>
<testng-results skipped="0" failed="0" ignored="0" total="4" passed="4">
  <reporter-output>
  </reporter-output>
  <suite name="Suite" duration-ms="70557" started-at="2019-07-03T08:23:19Z" finished-at="2019-07-03T08:24:29Z">
    <groups>
    </groups>
    <test name="TestCase05" duration-ms="70557" started-at="2019-07-03T08:23:19Z" finished-at="2019-07-03T08:24:29Z">
      <class name="com.first.TestCase05_orderModule">
        <test-method status="PASS" signature="SetUp()[pri:0, instance:com.first.TestCase05_orderModule@150c158]" name="SetUp" is-config="true" duration-ms="11570" started-at="2019-07-03T08:23:19Z" finished-at="2019-07-03T08:23:30Z">
          <reporter-output>
          </reporter-output>
        </test-method> <!-- SetUp -->
        <test-method status="PASS" signature="login()[pri:0, instance:com.first.TestCase05_orderModule@150c158]" name="login" duration-ms="5076" started-at="2019-07-03T08:23:30Z" finished-at="2019-07-03T08:23:36Z">
          <reporter-output>
          </reporter-output>
        </test-method> <!-- login -->
        <test-method status="PASS" signature="enterOrder()[pri:0, instance:com.first.TestCase05_orderModule@150c158]" name="enterOrder" duration-ms="40317" started-at="2019-07-03T08:23:36Z" depends-on-methods="com.first.TestCase05_orderModule.login" finished-at="2019-07-03T08:24:16Z">
          <reporter-output>
          </reporter-output>
        </test-method> <!-- enterOrder -->
        <test-method status="PASS" signature="enterAddOrder()[pri:0, instance:com.first.TestCase05_orderModule@150c158]" name="enterAddOrder" duration-ms="628" started-at="2019-07-03T08:24:16Z" depends-on-methods="com.first.TestCase05_orderModule.enterOrder" finished-at="2019-07-03T08:24:17Z">
          <reporter-output>
          </reporter-output>
        </test-method> <!-- enterAddOrder -->
        <test-method status="PASS" signature="chooseOneModule()[pri:0, instance:com.first.TestCase05_orderModule@150c158]" name="chooseOneModule" duration-ms="12931" started-at="2019-07-03T08:24:17Z" depends-on-methods="com.first.TestCase05_orderModule.enterAddOrder" finished-at="2019-07-03T08:24:29Z">
          <reporter-output>
          </reporter-output>
        </test-method> <!-- chooseOneModule -->
      </class> <!-- com.first.TestCase05_orderModule -->
    </test> <!-- TestCase05 -->
  </suite> <!-- Suite -->
</testng-results>
